2026-06-16 10:15:01,822 [INFO] No failed posts to retry.
2026-06-16 10:15:01,996 [INFO] ──────────────────────────────────────────────────
2026-06-16 10:15:01,996 [INFO] ▶  Running slot: morning_motivation
2026-06-16 10:15:01,996 [INFO] ──────────────────────────────────────────────────
2026-06-16 10:15:01,997 [INFO] 📝 Content selected: Worth repeating: dream bigger. do bigger....
2026-06-16 10:15:02,107 [INFO] Publishing [morning_motivation] | image: /home/runner/work/bright-side-daily/bright-side-daily/images/output/morning_motivation_20260616_101502.png
2026-06-16 10:15:02,107 [INFO] Caption preview: ☀️ Worth repeating: dream bigger. do bigger.

Share this with someone who needs it today! 💛

#Motivation #Success #Minds...
2026-06-16 10:15:02,107 [INFO] [DRY RUN] Post would be published:
2026-06-16 10:15:02,107 [INFO] ☀️ Worth repeating: dream bigger. do bigger.

Share this with someone who needs it today! 💛

#Motivation #Success #MindsetMatters #DailyMotivation #GoalSetter #BrightSideDaily
2026-06-16 10:15:02,107 [INFO] ✅ Slot [morning_motivation] published successfully!
2026-06-16 10:36:59,276 [INFO] No failed posts to retry.
2026-06-16 10:36:59,435 [INFO] ──────────────────────────────────────────────────
2026-06-16 10:36:59,435 [INFO] ▶  Running slot: morning_motivation
2026-06-16 10:36:59,435 [INFO] ──────────────────────────────────────────────────
2026-06-16 10:36:59,436 [INFO] 📝 Content selected: It does not matter how slowly you go as long as you do not stop....
2026-06-16 10:36:59,541 [INFO] Publishing [morning_motivation] | image: /home/runner/work/bright-side-daily/bright-side-daily/images/output/morning_motivation_20260616_103659.png
2026-06-16 10:36:59,541 [INFO] Caption preview: ☀️ It does not matter how slowly you go as long as you do not stop.

Share this with someone who needs it today! 💛

#Mot...
2026-06-16 10:36:59,958 [WARNING] Attempt 1/3 failed: {'message': '(#200) The permission(s) publish_actions are not available. It has been deprecated. If you want to provide a way for your app users to share content to Facebook, we encourage you to use our Sharing products instead.', 'type': 'OAuthException', 'code': 200, 'fbtrace_id': 'AYW-le1xwSOvnN19yWc94jF'}
2026-06-16 10:36:59,958 [INFO] Retrying in 30s...
2026-06-16 10:37:30,097 [WARNING] Attempt 2/3 failed: {'message': '(#200) The permission(s) publish_actions are not available. It has been deprecated. If you want to provide a way for your app users to share content to Facebook, we encourage you to use our Sharing products instead.', 'type': 'OAuthException', 'code': 200, 'fbtrace_id': 'A-pu_QikgNckfxTtMkdgxzy'}
2026-06-16 10:37:30,097 [INFO] Retrying in 30s...
2026-06-16 10:38:00,257 [WARNING] Attempt 3/3 failed: {'message': '(#200) The permission(s) publish_actions are not available. It has been deprecated. If you want to provide a way for your app users to share content to Facebook, we encourage you to use our Sharing products instead.', 'type': 'OAuthException', 'code': 200, 'fbtrace_id': 'Aj6C8DjTO_1Ms1lpvx0CApe'}
2026-06-16 10:38:00,257 [ERROR] ❌ All retries failed for [morning_motivation]
2026-06-16 10:38:00,258 [ERROR] ❌ Slot [morning_motivation] failed to publish.
2026-06-16 10:47:01,338 [INFO] Retrying 1 failed posts...
2026-06-16 10:47:01,338 [INFO] Publishing [morning_motivation] | image: none
2026-06-16 10:47:01,338 [INFO] Caption preview: ☀️ It does not matter how slowly you go as long as you do not stop.

Share this with someone who needs it today! 💛

#Mot...
2026-06-16 10:47:01,338 [WARNING] No image found — posting text only.
2026-06-16 10:47:04,290 [INFO] ✅ Posted successfully [morning_motivation]
2026-06-16 10:47:04,291 [INFO] Retry complete. 0 still failing.
2026-06-16 10:47:04,450 [INFO] ──────────────────────────────────────────────────
2026-06-16 10:47:04,450 [INFO] ▶  Running slot: morning_motivation
2026-06-16 10:47:04,450 [INFO] ──────────────────────────────────────────────────
2026-06-16 10:47:04,451 [INFO] 📝 Content selected: Wake up with determination. Go to bed with satisfaction. — pass it on....
2026-06-16 10:47:04,567 [INFO] Publishing [morning_motivation] | image: /home/runner/work/bright-side-daily/bright-side-daily/images/output/morning_motivation_20260616_104704.png
2026-06-16 10:47:04,567 [INFO] Caption preview: ☀️ Wake up with determination. Go to bed with satisfaction. — pass it on.

Share this with someone who needs it today! 💛...
2026-06-16 10:47:17,277 [INFO] ✅ Posted successfully [morning_motivation]
2026-06-16 10:47:17,278 [INFO] ✅ Slot [morning_motivation] published successfully!
2026-06-16 10:49:44,823 [INFO] Failed posts list is empty.
2026-06-16 10:49:44,982 [INFO] ──────────────────────────────────────────────────
2026-06-16 10:49:44,982 [INFO] ▶  Running slot: morning_motivation
2026-06-16 10:49:44,982 [INFO] ──────────────────────────────────────────────────
2026-06-16 10:49:44,983 [INFO] 📝 Content selected: Push yourself because no one else will do it for you. — you've got this....
2026-06-16 10:49:45,093 [INFO] Publishing [morning_motivation] | image: /home/runner/work/bright-side-daily/bright-side-daily/images/output/morning_motivation_20260616_104945.png
2026-06-16 10:49:45,094 [INFO] Caption preview: ☀️ Push yourself because no one else will do it for you. — you've got this.

Share this with someone who needs it today!...
2026-06-16 10:49:52,443 [INFO] ✅ Posted successfully [morning_motivation]
2026-06-16 10:49:52,443 [INFO] ✅ Slot [morning_motivation] published successfully!
2026-06-16 13:26:58,897 [INFO] Failed posts list is empty.
2026-06-16 13:26:59,058 [INFO] ──────────────────────────────────────────────────
2026-06-16 13:26:59,058 [INFO] ▶  Running slot: midday_encouragement
2026-06-16 13:26:59,058 [INFO] ──────────────────────────────────────────────────
2026-06-16 13:26:59,059 [INFO] 📝 Content selected: You have the power to change your story....
2026-06-16 13:26:59,206 [INFO] Publishing [midday_encouragement] | image: /home/runner/work/bright-side-daily/bright-side-daily/images/output/midday_encouragement_20260616_132659.png
2026-06-16 13:26:59,206 [INFO] Caption preview: 💪 You have the power to change your story.

Share this with someone who needs it today! 💛

#YouGotThis #KeepGoing #Never...
2026-06-16 13:27:04,541 [INFO] ✅ Posted successfully [midday_encouragement]
2026-06-16 13:27:04,542 [INFO] ✅ Slot [midday_encouragement] published successfully!
2026-06-16 15:51:23,673 [INFO] Failed posts list is empty.
2026-06-16 15:51:23,834 [INFO] ──────────────────────────────────────────────────
2026-06-16 15:51:23,834 [INFO] ▶  Running slot: morning_motivation
2026-06-16 15:51:23,834 [INFO] ──────────────────────────────────────────────────
2026-06-16 15:51:23,835 [INFO] 📝 Content selected: Believe this: keep going. everything you need will come to you at the perfect ti...
2026-06-16 15:51:23,977 [INFO] Publishing [morning_motivation] | image: /home/runner/work/bright-side-daily/bright-side-daily/images/output/morning_motivation_20260616_155123.png
2026-06-16 15:51:23,977 [INFO] Caption preview: ☀️ Believe this: keep going. everything you need will come to you at the perfect time.

Share this with someone who need...
2026-06-16 15:51:28,766 [INFO] ✅ Posted successfully [morning_motivation]
2026-06-16 15:51:28,767 [INFO] ✅ Slot [morning_motivation] published successfully!
2026-06-16 18:07:01,303 [INFO] Failed posts list is empty.
2026-06-16 18:07:01,460 [INFO] ──────────────────────────────────────────────────
2026-06-16 18:07:01,460 [INFO] ▶  Running slot: engagement_question
2026-06-16 18:07:01,460 [INFO] ──────────────────────────────────────────────────
2026-06-16 18:07:01,462 [INFO] 📝 Content selected: Never forget: what would you do if you knew you couldn't fail?...
2026-06-16 18:07:01,573 [INFO] Publishing [engagement_question] | image: /home/runner/work/bright-side-daily/bright-side-daily/images/output/engagement_question_20260616_180701.png
2026-06-16 18:07:01,573 [INFO] Caption preview: 💬 Never forget: what would you do if you knew you couldn't fail?

Drop your answer in the comments below 👇

#Community #...
2026-06-16 18:07:21,654 [WARNING] Attempt 1/3 failed: {'code': 1, 'message': "Please reduce the amount of data you're asking for, then retry your request"}
2026-06-16 18:07:21,654 [INFO] Retrying in 30s...
2026-06-16 18:07:58,973 [INFO] ✅ Posted successfully [engagement_question]
2026-06-16 18:07:58,974 [INFO] ✅ Slot [engagement_question] published successfully!
2026-06-16 19:25:15,789 [INFO] Failed posts list is empty.
2026-06-16 19:25:15,945 [INFO] ──────────────────────────────────────────────────
2026-06-16 19:25:15,945 [INFO] ▶  Running slot: morning_motivation
2026-06-16 19:25:15,945 [INFO] ──────────────────────────────────────────────────
2026-06-16 19:25:15,946 [INFO] 📝 Content selected: Many of life's failures are people who did not realize how close they were to su...
2026-06-16 19:25:16,058 [INFO] Publishing [morning_motivation] | image: /home/runner/work/bright-side-daily/bright-side-daily/images/output/morning_motivation_20260616_192515.png
2026-06-16 19:25:16,058 [INFO] Caption preview: ☀️ Many of life's failures are people who did not realize how close they were to success when they gave up.

Share this ...
2026-06-16 19:25:21,855 [INFO] ✅ Posted successfully [morning_motivation]
2026-06-16 19:25:21,855 [INFO] ✅ Slot [morning_motivation] published successfully!
2026-06-16 20:43:56,951 [INFO] Failed posts list is empty.
2026-06-16 20:43:57,118 [INFO] ──────────────────────────────────────────────────
2026-06-16 20:43:57,118 [INFO] ▶  Running slot: morning_motivation
2026-06-16 20:43:57,118 [INFO] ──────────────────────────────────────────────────
2026-06-16 20:43:57,120 [INFO] 📝 Content selected: [Motivational] You have brains in your head. You have feet in your shoes. You ca...
2026-06-16 20:43:57,248 [INFO] Publishing [morning_motivation] | image: /home/runner/work/bright-side-daily/bright-side-daily/images/output/morning_motivation_20260616_204357.png
2026-06-16 20:43:57,248 [INFO] Caption preview: ☀️ [Motivational] You have brains in your head. You have feet in your shoes. You can steer yourself any direction you ch...
2026-06-16 20:44:05,354 [INFO] ✅ Posted successfully [morning_motivation]
2026-06-16 20:44:05,355 [INFO] ✅ Slot [morning_motivation] published successfully!
2026-06-17 09:51:07,357 [INFO] Failed posts list is empty.
2026-06-17 09:51:07,525 [INFO] ──────────────────────────────────────────────────
2026-06-17 09:51:07,525 [INFO] ▶  Running slot: funny_meme
2026-06-17 09:51:07,525 [INFO] ──────────────────────────────────────────────────
2026-06-17 09:51:07,526 [INFO] 📝 Content selected: The bags under my eyes are designer, I'll have you know. — pass it on....
2026-06-17 09:51:07,643 [INFO] Publishing [funny_meme] | image: /home/runner/work/bright-side-daily/bright-side-daily/images/output/funny_meme_20260617_095107.png
2026-06-17 09:51:07,643 [INFO] Caption preview: 😄 The bags under my eyes are designer, I'll have you know. — pass it on.

Tag someone who can relate! 😂

#RelatableLife ...
2026-06-17 09:51:12,822 [INFO] ✅ Posted successfully [funny_meme]
2026-06-17 09:51:12,823 [INFO] ✅ Slot [funny_meme] published successfully!
2026-06-17 11:50:59,308 [INFO] Failed posts list is empty.
2026-06-17 11:50:59,467 [INFO] ──────────────────────────────────────────────────
2026-06-17 11:50:59,467 [INFO] ▶  Running slot: self_improvement
2026-06-17 11:50:59,467 [INFO] ──────────────────────────────────────────────────
2026-06-17 11:50:59,468 [INFO] 📝 Content selected: Focus on being productive instead of busy....
2026-06-17 11:50:59,662 [INFO] Publishing [self_improvement] | image: /home/runner/work/bright-side-daily/bright-side-daily/images/output/self_improvement_20260617_115059.png
2026-06-17 11:50:59,663 [INFO] Caption preview: 📈 Focus on being productive instead of busy.

Share this with someone who needs it today! 💛

#PersonalGrowth #SelfImprov...
2026-06-17 11:51:04,359 [INFO] ✅ Posted successfully [self_improvement]
2026-06-17 11:51:04,360 [INFO] ✅ Slot [self_improvement] published successfully!
2026-06-17 12:50:54,872 [INFO] Failed posts list is empty.
2026-06-17 12:50:55,031 [INFO] ──────────────────────────────────────────────────
2026-06-17 12:50:55,032 [INFO] ▶  Running slot: morning_motivation
2026-06-17 12:50:55,032 [INFO] ──────────────────────────────────────────────────
2026-06-17 12:50:55,033 [INFO] 📝 Content selected: It's going to be hard, but hard is not impossible....
2026-06-17 12:50:55,144 [INFO] Publishing [morning_motivation] | image: /home/runner/work/bright-side-daily/bright-side-daily/images/output/morning_motivation_20260617_125055.png
2026-06-17 12:50:55,144 [INFO] Caption preview: ☀️ It's going to be hard, but hard is not impossible.

Share this with someone who needs it today! 💛

#Motivation #Succe...
2026-06-17 12:51:01,017 [INFO] ✅ Posted successfully [morning_motivation]
2026-06-17 12:51:01,018 [INFO] ✅ Slot [morning_motivation] published successfully!
2026-06-17 14:25:43,864 [INFO] Failed posts list is empty.
2026-06-17 14:25:44,023 [INFO] ──────────────────────────────────────────────────
2026-06-17 14:25:44,023 [INFO] ▶  Running slot: morning_motivation
2026-06-17 14:25:44,023 [INFO] ──────────────────────────────────────────────────
2026-06-17 14:25:44,024 [INFO] 📝 Content selected: Remember: don't judge each day by the harvest you reap but by the seeds that you...
2026-06-17 14:25:44,135 [INFO] Publishing [morning_motivation] | image: /home/runner/work/bright-side-daily/bright-side-daily/images/output/morning_motivation_20260617_142544.png
2026-06-17 14:25:44,135 [INFO] Caption preview: ☀️ Remember: don't judge each day by the harvest you reap but by the seeds that you plant.

Share this with someone who ...
2026-06-17 14:25:47,779 [INFO] ✅ Posted successfully [morning_motivation]
2026-06-17 14:25:47,780 [INFO] ✅ Slot [morning_motivation] published successfully!
2026-06-17 16:41:17,115 [INFO] Failed posts list is empty.
2026-06-17 16:41:17,278 [INFO] ──────────────────────────────────────────────────
2026-06-17 16:41:17,278 [INFO] ▶  Running slot: evening_reflection
2026-06-17 16:41:17,278 [INFO] ──────────────────────────────────────────────────
2026-06-17 16:41:17,280 [INFO] 📝 Content selected: Remember: enjoy the little things in life, because one day you'll look back and ...
2026-06-17 16:41:17,393 [INFO] Publishing [evening_reflection] | image: /home/runner/work/bright-side-daily/bright-side-daily/images/output/evening_reflection_20260617_164117.png
2026-06-17 16:41:17,393 [INFO] Caption preview: 🌙 Remember: enjoy the little things in life, because one day you'll look back and realize they were the big things.

Sha...
2026-06-17 16:41:18,123 [WARNING] Attempt 1/3 failed: {'message': 'API access blocked.', 'type': 'OAuthException', 'code': 200, 'fbtrace_id': 'A5T_9M0IjBTTL9W8cepNKCr'}
2026-06-17 16:41:18,123 [INFO] Retrying in 30s...
2026-06-17 16:41:48,326 [WARNING] Attempt 2/3 failed: {'message': 'API access blocked.', 'type': 'OAuthException', 'code': 200, 'fbtrace_id': 'AVUvdI9xGdksuwSgYGEZw1h'}
2026-06-17 16:41:48,326 [INFO] Retrying in 30s...
2026-06-17 16:42:18,515 [WARNING] Attempt 3/3 failed: {'message': 'API access blocked.', 'type': 'OAuthException', 'code': 200, 'fbtrace_id': 'Abe_Us8hmQmMStLvahSB-8D'}
2026-06-17 16:42:18,515 [ERROR] ❌ All retries failed for [evening_reflection]
2026-06-17 16:42:18,516 [ERROR] ❌ Slot [evening_reflection] failed to publish.
2026-06-17 18:06:49,129 [INFO] Retrying 1 failed posts...
2026-06-17 18:06:49,129 [INFO] Publishing [evening_reflection] | image: none
2026-06-17 18:06:49,129 [INFO] Caption preview: 🌙 Remember: enjoy the little things in life, because one day you'll look back and realize they were the big things.

Sha...
2026-06-17 18:06:49,129 [WARNING] No image found — posting text only.
2026-06-17 18:06:49,431 [WARNING] Attempt 1/3 failed: {'message': 'API access blocked.', 'type': 'OAuthException', 'code': 200, 'fbtrace_id': 'AMuqIOqHjyD9QSZTSzYpRNR'}
2026-06-17 18:06:49,431 [INFO] Retrying in 30s...
2026-06-17 18:07:19,431 [WARNING] No image found — posting text only.
2026-06-17 18:07:19,714 [WARNING] Attempt 2/3 failed: {'message': 'API access blocked.', 'type': 'OAuthException', 'code': 200, 'fbtrace_id': 'AUfw-ZO5ZfrNztMBKfLVaXx'}
2026-06-17 18:07:19,714 [INFO] Retrying in 30s...
2026-06-17 18:07:49,714 [WARNING] No image found — posting text only.
2026-06-17 18:07:49,887 [WARNING] Attempt 3/3 failed: {'message': 'API access blocked.', 'type': 'OAuthException', 'code': 200, 'fbtrace_id': 'A-mn2ziR7g01q-phaS62D18'}
2026-06-17 18:07:49,888 [ERROR] ❌ All retries failed for [evening_reflection]
2026-06-17 18:07:49,889 [INFO] Retry complete. 1 still failing.
2026-06-17 18:07:50,058 [INFO] ──────────────────────────────────────────────────
2026-06-17 18:07:50,058 [INFO] ▶  Running slot: engagement_question
2026-06-17 18:07:50,058 [INFO] ──────────────────────────────────────────────────
2026-06-17 18:07:50,059 [INFO] 📝 Content selected: What's the kindest thing someone has done for you recently? — keep going....
2026-06-17 18:07:50,176 [INFO] Publishing [engagement_question] | image: /home/runner/work/bright-side-daily/bright-side-daily/images/output/engagement_question_20260617_180750.png
2026-06-17 18:07:50,176 [INFO] Caption preview: 💬 What's the kindest thing someone has done for you recently? — keep going.

Drop your answer in the comments below 👇

#...
2026-06-17 18:07:50,517 [WARNING] Attempt 1/3 failed: {'message': 'API access blocked.', 'type': 'OAuthException', 'code': 200, 'fbtrace_id': 'AQXd86qqHpu2LJnyX5Dihh9'}
2026-06-17 18:07:50,517 [INFO] Retrying in 30s...
2026-06-17 18:08:20,786 [WARNING] Attempt 2/3 failed: {'message': 'API access blocked.', 'type': 'OAuthException', 'code': 200, 'fbtrace_id': 'AXCNYY5Ofm6NLibqiSVQyuC'}
2026-06-17 18:08:20,786 [INFO] Retrying in 30s...
2026-06-17 18:08:51,064 [WARNING] Attempt 3/3 failed: {'message': 'API access blocked.', 'type': 'OAuthException', 'code': 200, 'fbtrace_id': 'Agqyvablw0hP8O0g0AkuccL'}
2026-06-17 18:08:51,064 [ERROR] ❌ All retries failed for [engagement_question]
2026-06-17 18:08:51,065 [ERROR] ❌ Slot [engagement_question] failed to publish.
2026-06-17 20:06:13,906 [INFO] Retrying 2 failed posts...
2026-06-17 20:06:13,906 [INFO] Publishing [evening_reflection] | image: none
2026-06-17 20:06:13,907 [INFO] Caption preview: 🌙 Remember: enjoy the little things in life, because one day you'll look back and realize they were the big things.

Sha...
2026-06-17 20:06:13,907 [WARNING] No image found — posting text only.
2026-06-17 20:06:14,350 [WARNING] Attempt 1/3 failed: {'message': 'API access blocked.', 'type': 'OAuthException', 'code': 200, 'fbtrace_id': 'A8ra-gTR3OTV_RwIxvq_c-K'}
2026-06-17 20:06:14,350 [INFO] Retrying in 30s...
2026-06-17 20:06:44,350 [WARNING] No image found — posting text only.
2026-06-17 20:06:44,448 [WARNING] Attempt 2/3 failed: {'message': 'API access blocked.', 'type': 'OAuthException', 'code': 200, 'fbtrace_id': 'AllorAir6zIGcbWI-r7b73S'}
2026-06-17 20:06:44,448 [INFO] Retrying in 30s...
2026-06-17 20:07:14,449 [WARNING] No image found — posting text only.
2026-06-17 20:07:14,570 [WARNING] Attempt 3/3 failed: {'message': 'API access blocked.', 'type': 'OAuthException', 'code': 200, 'fbtrace_id': 'A-FxvybLPtb5EsMpOxU3ylH'}
2026-06-17 20:07:14,570 [ERROR] ❌ All retries failed for [evening_reflection]
2026-06-17 20:07:14,571 [INFO] Publishing [engagement_question] | image: none
2026-06-17 20:07:14,571 [INFO] Caption preview: 💬 What's the kindest thing someone has done for you recently? — keep going.

Drop your answer in the comments below 👇

#...
2026-06-17 20:07:14,571 [WARNING] No image found — posting text only.
2026-06-17 20:07:14,676 [WARNING] Attempt 1/3 failed: {'message': 'API access blocked.', 'type': 'OAuthException', 'code': 200, 'fbtrace_id': 'ANjb_Klidq9sXim0ABlEV1-'}
2026-06-17 20:07:14,677 [INFO] Retrying in 30s...
2026-06-17 20:07:44,677 [WARNING] No image found — posting text only.
2026-06-17 20:07:44,776 [WARNING] Attempt 2/3 failed: {'message': 'API access blocked.', 'type': 'OAuthException', 'code': 200, 'fbtrace_id': 'AP2AXnZtY26Ud6zKsPD3doi'}
2026-06-17 20:07:44,776 [INFO] Retrying in 30s...
2026-06-17 20:08:14,777 [WARNING] No image found — posting text only.
2026-06-17 20:08:14,908 [WARNING] Attempt 3/3 failed: {'message': 'API access blocked.', 'type': 'OAuthException', 'code': 200, 'fbtrace_id': 'AG6-RncwBXqWtUtB1cvx4rs'}
2026-06-17 20:08:14,909 [ERROR] ❌ All retries failed for [engagement_question]
2026-06-17 20:08:14,910 [INFO] Retry complete. 2 still failing.
2026-06-17 20:08:15,069 [INFO] ──────────────────────────────────────────────────
2026-06-17 20:08:15,069 [INFO] ▶  Running slot: morning_motivation
2026-06-17 20:08:15,069 [INFO] ──────────────────────────────────────────────────
2026-06-17 20:08:15,070 [INFO] 📝 Content selected: Don't limit your challenges. Challenge your limits. — start today....
2026-06-17 20:08:15,183 [INFO] Publishing [morning_motivation] | image: /home/runner/work/bright-side-daily/bright-side-daily/images/output/morning_motivation_20260617_200815.png
2026-06-17 20:08:15,183 [INFO] Caption preview: ☀️ Don't limit your challenges. Challenge your limits. — start today.

Share this with someone who needs it today! 💛

#M...
2026-06-17 20:08:15,344 [WARNING] Attempt 1/3 failed: {'message': 'API access blocked.', 'type': 'OAuthException', 'code': 200, 'fbtrace_id': 'AZ7IlNKjqoJLyMevVfAm4-F'}
2026-06-17 20:08:15,344 [INFO] Retrying in 30s...
2026-06-17 20:08:45,492 [WARNING] Attempt 2/3 failed: {'message': 'API access blocked.', 'type': 'OAuthException', 'code': 200, 'fbtrace_id': 'ADg1U8CEV0341-xAflfxEF8'}
2026-06-17 20:08:45,492 [INFO] Retrying in 30s...
2026-06-17 20:09:15,669 [WARNING] Attempt 3/3 failed: {'message': 'API access blocked.', 'type': 'OAuthException', 'code': 200, 'fbtrace_id': 'AH-r80sBtXq27R7t6bcJWKl'}
2026-06-17 20:09:15,669 [ERROR] ❌ All retries failed for [morning_motivation]
2026-06-17 20:09:15,670 [ERROR] ❌ Slot [morning_motivation] failed to publish.
